This is XeTeX, Version 3.1415926-2.2-0.9997.4 (MiKTeX 2.9) (preloaded format=xelatex 2015.2.12)  12 FEB 2015 22:21
entering extended mode
**cv.tex
(E:\github\my-cv\cv\cv.tex
LaTeX2e <2009/09/24>
Babel <v3.8l> and hyphenation patterns for loaded.
(E:\github\my-cv\cv\my-cv.cls
Document Class: my-cv 2012/11/12 Personal CV Class
("D:\Program Files\CTEX\MiKTeX\tex\latex\curve\curve.cls"
Document Class: curve 2008/02/25 v1.15 Curriculum Vitae class for LaTeX2e
("D:\Program Files\CTEX\MiKTeX\tex\latex\carlisle\ltxtable.sty"
Package: ltxtable 1995/12/11 v0.2 longtable/tabularx merge (DPC)

("D:\Program Files\CTEX\MiKTeX\tex\latex\tools\tabularx.sty"
Package: tabularx 1999/01/07 v2.07 `tabularx' package (DPC)

("D:\Program Files\CTEX\MiKTeX\tex\latex\tools\array.sty"
Package: array 2008/09/09 v2.4c Tabular extension package (FMi)
\col@sep=\dimen102
\extrarowheight=\dimen103
\NC@list=\toks14
\extratabsurround=\skip41
\backup@length=\skip42
)
\TX@col@width=\dimen104
\TX@old@table=\dimen105
\TX@old@col=\dimen106
\TX@target=\dimen107
\TX@delta=\dimen108
\TX@cols=\count80
\TX@ftn=\toks15
)
("D:\Program Files\CTEX\MiKTeX\tex\latex\tools\longtable.sty"
Package: longtable 2004/02/01 v4.11 Multi-page Table package (DPC)
\LTleft=\skip43
\LTright=\skip44
\LTpre=\skip45
\LTpost=\skip46
\LTchunksize=\count81
\LTcapwidth=\dimen109
\LT@head=\box26
\LT@firsthead=\box27
\LT@foot=\box28
\LT@lastfoot=\box29
\LT@cols=\count82
\LT@rows=\count83
\c@LT@tables=\count84
\c@LT@chunks=\count85
\c@table=\count86
\LT@p@ftn=\toks16
))
("D:\Program Files\CTEX\MiKTeX\tex\latex\base\ifthen.sty"
Package: ifthen 2001/05/26 v1.1c Standard LaTeX ifthen package (DPC)
)
("D:\Program Files\CTEX\MiKTeX\tex\latex\tools\calc.sty"
Package: calc 2007/08/22 v4.3 Infix arithmetic (KKT,FJ)
\calc@Acount=\count87
\calc@Bcount=\count88
\calc@Adimen=\dimen110
\calc@Bdimen=\dimen111
\calc@Askip=\skip47
\calc@Bskip=\skip48
LaTeX Info: Redefining \setlength on input line 76.
LaTeX Info: Redefining \addtolength on input line 77.
\calc@Ccount=\count89
\calc@Cskip=\skip49
)
\subrubricbeforespace=\skip50
\subrubricspace=\skip51
\@almosttextwidth=\skip52
\rubricspace=\skip53
\rubricafterspace=\skip54
\headerspace=\skip55
\photosep=\skip56
\photo@width=\skip57
\leftheader@width=\skip58
\rightheader@width=\skip59
\titlespace=\skip60
\c@bibcount=\count90
\c@bibtotal=\count91

("D:\Program Files\CTEX\MiKTeX\tex\latex\base\size10.clo"
File: size10.clo 2007/10/19 v1.4h Standard LaTeX file (size option)
))
("D:\Program Files\CTEX\MiKTeX\tex\latex\hyperref\hyperref.sty"
Package: hyperref 2010/11/26 v6.81v Hypertext links for LaTeX

("D:\Program Files\CTEX\MiKTeX\tex\generic\oberdiek\ltxcmds.sty"
Package: ltxcmds 2010/04/26 v1.7 LaTeX kernel commands for general use (HO)
)
("D:\Program Files\CTEX\MiKTeX\tex\generic\oberdiek\ifpdf.sty"
Package: ifpdf 2010/01/28 v2.1 Provides the ifpdf switch (HO)
Package ifpdf Info: pdfTeX in pdf mode not detected.
)
("D:\Program Files\CTEX\MiKTeX\tex\generic\oberdiek\pdftexcmds.sty"
Package: pdftexcmds 2010/04/01 v0.9 Utility functions of pdfTeX for LuaTeX (HO)


("D:\Program Files\CTEX\MiKTeX\tex\generic\oberdiek\infwarerr.sty"
Package: infwarerr 2010/04/08 v1.3 Providing info/warning/message (HO)
)
("D:\Program Files\CTEX\MiKTeX\tex\generic\oberdiek\ifluatex.sty"
Package: ifluatex 2010/03/01 v1.3 Provides the ifluatex switch (HO)
Package ifluatex Info: LuaTeX not detected.
)
Package pdftexcmds Info: LuaTeX not detected.
Package pdftexcmds Info: pdfTeX >= 1.30 not detected.
Package pdftexcmds Info: \pdf@primitive is available.
Package pdftexcmds Info: \pdf@ifprimitive is available.
)
("D:\Program Files\CTEX\MiKTeX\tex\latex\graphics\keyval.sty"
Package: keyval 1999/03/16 v1.13 key=value parser (DPC)
\KV@toks@=\toks17
)
("D:\Program Files\CTEX\MiKTeX\tex\generic\oberdiek\kvsetkeys.sty"
Package: kvsetkeys 2010/03/01 v1.9 Key value parser (HO)

("D:\Program Files\CTEX\MiKTeX\tex\generic\oberdiek\etexcmds.sty"
Package: etexcmds 2010/01/28 v1.3 Prefix for e-TeX command names (HO)
Package etexcmds Info: Could not find \expanded.
(etexcmds)             That can mean tha