This is XeTeX, Version 3.1415926-2.3-0.9997.5 (MiKTeX 2.9) (preloaded format=xelatex 2014.11.3)  2 JUL 2015 08:56
entering extended mode
**yuanyong_resume_cn.tex
(I:\D\github\my-cv-and-resume\resume_win\yuanyong_resume_cn.tex
LaTeX2e <2011/06/27>
Babel <v3.8m> and hyphenation patterns for loaded.
(I:\D\github\my-cv-and-resume\resume_win\moderncv.cls
Document Class: moderncv 2013/04/29 v1.5.1 modern curriculum vitae and letter d
ocument class
("E:\Program Files\CTEX\MiKTeX\tex\latex\base\size11.clo"
File: size11.clo 2007/10/19 v1.4h Standard LaTeX file (size option)
Requested font "cmr10" at 10.95pt
 -> cmr10
)
("E:\Program Files\CTEX\MiKTeX\tex\latex\etoolbox\etoolbox.sty"
Package: etoolbox 2011/01/03 v2.1 e-TeX tools for LaTeX

("E:\Program Files\CTEX\MiKTeX\tex\latex\misc\etex.sty"
Package: etex 1998/03/26 v2.0 eTeX basic definition package (PEB)
\et@xins=\count80
)
\etb@tempcnta=\count81
)
("E:\Program Files\CTEX\MiKTeX\tex\latex\base\ifthen.sty"
Package: ifthen 2001/05/26 v1.1c Standard LaTeX ifthen package (DPC)
)
("E:\Program Files\CTEX\MiKTeX\tex\latex\xcolor\xcolor.sty"
Package: xcolor 2007/01/21 v2.11 LaTeX color extensions (UK)

("E:\Program Files\CTEX\MiKTeX\tex\latex\00miktex\color.cfg"
File: color.cfg 2007/01/18 v1.5 color configuration of teTeX/TeXLive
)
Package xcolor Info: Driver file: xetex.def on input line 225.

("E:\Program Files\CTEX\MiKTeX\tex\xelatex\xetex-def\xetex.def"
File: xetex.def 2009/11/22 v0.94 LaTeX color/graphics driver for XeTeX (RRM/JK)

)
Package xcolor Info: Model `cmy' substituted by `cmy0' on input line 1337.
Package xcolor Info: Model `RGB' extended on input line 1353.
Package xcolor Info: Model `HTML' substituted by `rgb' on input line 1355.
Package xcolor Info: Model `Hsb' substituted by `hsb' on input line 1356.
Package xcolor Info: Model `tHsb' substituted by `hsb' on input line 1357.
Package xcolor Info: Model `HSB' substituted by `hsb' on input line 1358.
Package xcolor Info: Model `Gray' substituted by `gray' on input line 1359.
Package xcolor Info: Model `wave' substituted by `hsb' on input line 1360.
)
("E:\Program Files\CTEX\MiKTeX\tex\generic\ifxetex\ifxetex.sty"
Package: ifxetex 2010/09/12 v0.6 Provides ifxetex conditional
)
("E:\Program Files\CTEX\MiKTeX\tex\generic\oberdiek\ifluatex.sty"
Package: ifluatex 2010/03/01 v1.3 Provides the ifluatex switch (HO)
Package ifluatex Info: LuaTeX not detected.
)
("E:\Program Files\CTEX\MiKTeX\tex\latex\base\fontenc.sty"
Package: fontenc 2005/09/27 v1.99g Standard LaTeX package

("E:\Program Files\CTEX\MiKTeX\tex\latex\base\t1enc.def"
File: t1enc.def 2005/09/27 v1.99g Standard LaTeX file
LaTeX Font Info:    Redeclaring font encoding T1 on input line 43.
)
Requested font "ecrm1095" at 10.95pt
 -> ecrm1095
)
("E:\Program Files\CTEX\MiKTeX\tex\latex\lm\lmodern.sty"
Package: lmodern 2009/10/30 v1.6 Latin Modern Fonts
LaTeX Font Info:    Overwriting symbol font `operators' in version `normal'
(Font)                  OT1/cmr/m/n --> OT1/lmr/m/n on input line 22.
LaTeX Font Info:    Overwriting symbol font `letters' in version `normal'
(Font)                  OML/cmm/m/it --> OML/lmm/m/it on input line 23.
LaTeX Font Info:    Overwriting symbol font `symbols' in version `normal'
(Font)                  OMS/cmsy/m/n --> OMS/lmsy/m/n on input line 24.
LaTeX Font Info:    Overwriting symbol font `largesymbols' in version `normal'
(Font)                  OMX/cmex/m/n --> OMX/lmex/m/n on input line 25.
LaTeX Font Info:    Overwriting symbol font `operators' in version `bold'
(Font)                  OT1/cmr/bx/n --> OT1/lmr/bx/n on input line 26.
LaTeX Font Info:    Overwriting symbol font `letters' in version `bold'
(Font)                  OML/cmm/b/it --> OML/lmm/b/it on input line 27.
LaTeX Font Info:    Overwriting symbol font `symbols' in version `bold'
(Font)                  OMS/cmsy/b/n --> OMS/lmsy/b/n on input line 28.
LaTeX Font Info:    Overwriting symbol font `largesymbols' in version `bold'
(Font)                  OMX/cmex/m/n --> OMX/lmex/m/n on input line 29.
LaTeX Font Info:    Overwriting math alphabet `\mathbf' in version `normal'
(Font)                  OT1/cmr/bx/n --> OT1/lmr/bx/n on input line 31.
LaTeX Font Info:    Overwriting math alphabet `\mathsf' in version `normal'
(Font)                  OT1/cmss/m/n --> OT1/lmss/m/n on input line 32.
LaTeX Font Info:    Overwriting math alphabet `\mathit' in version `normal'
(Font)                  OT1/cmr/m/it --> OT1/lmr/m/it on input line 33.
LaTeX Font Info:    Overwriting math alphabet `\mathtt' in version `normal'
(Font)                  OT1/cmtt/m/n --> OT1/lmtt/m/n on input line 34.
LaTeX Font Info:    Overwriting math alphabet `\mathbf' in version `bold'
(Font)                  OT1/cmr/bx/n --> OT1/lmr/bx/n on input line 35.
LaTeX Font Info:    Overwriting math alphabet `\mathsf' in version `bold'
(Font)                  OT1/cmss/bx/n --> OT1/lmss/bx/n on input line 36.
LaTeX Font Info:    Overwriting math alphabet `\mathit' in version `bold'
(Font)                  OT1/cmr/bx/it --> OT1/lmr/bx/it on input line 37.
LaTeX Font Info:    Overwriting math alphabet `\mathtt' in version `bold'
(Font)                  OT1/cmtt/m/n --> OT1/lmtt/m/n on input line 38.
)
("E:\Program Files\CTEX\MiKTeX\tex\xelatex\xetexurl\url.sty"
\Urlmuskip=\muskip10
Package: url 2004/03/15  ver 3.1  Verb mode for urls, etc.
)
("E:\Program Files\CTEX\MiKTeX\tex\latex\graphics\graphicx.sty"
Package: graphicx 1999/02/16 v1.0f Enhanced LaTeX Graphics (DPC,SPQR)

("E:\Program Files\CTEX\MiKTeX\tex\latex\graphics\keyval.sty"
Package: keyval 1999/03/16 v1.13 key=value parser (DPC)
\KV@toks@=\toks14
)
("E:\Program Files\CTEX\MiKTeX\tex\latex\graphics\graphics.sty"
Package: graphics 2009/02/05 v1.0o Standard LaTeX Graphics (DPC,SPQR)

("E:\Program Files\CTEX\MiKTeX\tex\latex\graphics\trig.sty"
Package: trig 1999/03/16 v1.09 sin cos tan (DPC)
)
("E:\Program Files\CTEX\MiKTeX\tex\latex\00miktex\graphics.cfg"
File: graphics.cfg 2007/01/18 v1.5 graphics configuration of teTeX/TeXLive
)
Package graphics Info: Driver file: xetex.def on input line 91.
)
\Gin@req@height=\dimen102
\Gin@req@width=\dimen103
)
("E:\Program Files\CTEX\MiKTeX\tex\latex\fancyhdr\fancyhdr.sty"
\fancy@headwidth=\skip41
\f@ncyO@elh=\skip42
\f@ncyO@erh=\skip43
\f@ncyO@olh=\skip44
\f@ncyO@orh=\skip45
\f@ncyO@elf=\skip46
\f@ncyO@erf=\skip47
\f@ncyO@olf=\skip48
\f@ncyO@orf=\skip49
)
(I:\D\github\my-cv-and-resume\resume_win\tweaklist.sty)
("E:\Program Files\CTEX\MiKTeX\tex\latex\tools\calc.sty"
Package: calc 2007/08/22 v4.3 Infix arithmetic (KKT,FJ)
\calc@Acount=\count82
\calc@Bcount=\count83
\calc@Adimen=\dimen104
\calc@Bdimen=\dimen105
\calc@Askip=\skip50
\calc@Bskip=\skip51
LaTeX Info: Redefining \setlength on input line 76.
LaTeX Info: Redefining \addtolength on input line 77.
\calc@Ccount=\count84
\calc@Cskip=\skip52
)
("E:\Program Files\CTEX\MiKTeX\tex\latex\l3packages\xparse\xparse.sty"
("E:\Program Files\CTEX\MiKTeX\tex\latex\l3kernel\expl3.sty"
("E:\Program Files\CTEX\MiKTeX\tex\latex\l3kernel\l3names.sty"
("E:\Program Files\CTEX\MiKTeX\tex\latex\l3kernel\l3bootstrap.sty"
Package: l3bootstrap 2011/12/29 v3110 L3 Experimental bootstrap code
)
Package: l3names 2011/12/30 v3113 L3 Experimental namespace for primitives
)
Package: expl3 2012/02/26 v3471 L3 Experimental code bundle wrapper

("E:\Program Files\CTEX\MiKTeX\tex\latex\l3kernel\l3basics.sty"
Package: l3basics 2012/02/26 v3460 L3 Experimental basic definitions
)
("E:\Program Files\CTEX\MiKTeX\tex\latex\l3kernel\l3expan.sty"
Package: l3expan 2012/02/26 v3460 L3 Experimental argument expansion
)
("E:\Program Files\CTEX\MiKTeX\tex\latex\l3kernel\l3tl.sty"
Package: l3tl 2012/02/26 v3460 L3 Experimental token lists
)
("E:\Program Files\CTEX\MiKTeX\tex\latex\l3kernel\l3seq.sty"
Package: l3seq 2012/01/09 v3158 L3 Experimental sequences and stacks
)
("E:\Program Files\CTEX\MiKTeX\tex\latex\l3kernel\l3int.sty"
Package: l3int 2012/02/26 v3460 L3 Experimental integers
\c_max_int=\count85
\l_tmpa_int=\count86
\l_tmpb_int=\count87
\l_tmpc_int=\count88
\g_tmpa_int=\count89
\g_tmpb_int=\count90
)
("E:\Program Files\CTEX\MiKTeX\tex\latex\l3kernel\l3quark.sty"
Package: l3quark 2012/02/12 v3384 L3 Experimental quarks
)
("E:\Program Files\CTEX\MiKTeX\tex\latex\l3kernel\l3prg.sty"
Package: l3prg 2012/02/26 v3464 L3 Experimental control structures
\g_prg_map_int=\count91
)
("E:\Program Files\CTEX\MiKTeX\tex\latex\l3kernel\l3clist.sty"
Package: l3clist 2012/02/26 v3460 L3 Experimental comma separated lists
)
("E:\Program Files\CTEX\MiKTeX\tex\latex\l3kernel\l3token.sty"
Package: l3token 2012/02/26 v3460 L3 Experimental token manipulation
)
("E:\Program Files\CTEX\MiKTeX\tex\latex\l3kernel\l3prop.sty"
Package: l3prop 2012/02/26 v3460 L3 Experimental property lists
)
("E:\Program Files\CTEX\MiKTeX\tex\latex\l3kernel\l3msg.sty"
Package: l3msg 2012/02/26 v3470 L3 Experimental messages
)
("E:\Program Files\CTEX\MiKTeX\tex\latex\l3kernel\l3file.sty"
Package: l3file 2012/02/26 v3464 L3 Experimental file and I/O operations
\l_iow_stream_int=\count92
\l_iow_line_length_int=\count93
\l_iow_target_length_int=\count94
\l_iow_current_line_int=\count95
\l_iow_current_word_int=\count96
\l_iow_current_indentation_int=\count97
)
("E:\Program Files\CTEX\MiKTeX\tex\latex\l3kernel\l3skip.sty"
Package: l3skip 2012/02/26 v3460 L3 Experimental dimensions and skips
\l_tmpa_dim=\dimen106
\l_tmpb_dim=\dimen107
\l_tmpc_dim=\dimen108
\g_tmpa_dim=\dimen109
\g_tmpb_dim=\dimen110
\l_tmpa_skip=\skip53
\l_tmpb_skip=\skip54
\l_tmpc_skip=\skip55
\g_tmpa_skip=\skip56
\g_tmpb_skip=\skip57
)
("E:\Program Files\CTEX\MiKTeX\tex\latex\l3kernel\l3keys.sty"
Package: l3keys 2011/12/22 v3086 L3 Experimental key-value interfaces
\g_keyval_level_int=\count98
\l_keys_choice_int=\count99
)
("E:\Program Files\CTEX\MiKTeX\tex\latex\l3kernel\l3fp.sty"
Package: l3fp 2012/02/06 v3315 L3 Experimental floating-point operations
\c_one_hundred_million=\count100
\c_five_hundred_million=\count101
\c_one_thousand_million=\count102
\c_fp_pi_by_four_decimal_int=\count103
\c_fp_pi_by_four_extended_int=\count104
\c_fp_pi_decimal_int=\count105
\c_fp_pi_extended_int=\count106
\c_fp_two_pi_decimal_int=\count107
\c_fp_two_pi_extended_int=\count108
\l_fp_count_int=\count109
\l_fp_div_offset_int=\count110
\l_fp_exp_integer_int=\count111
\l_fp_exp_decimal_int=\count112
\l_fp_exp_extended_int=\count113
\l_fp_exp_exponent_int=\count114
\l_fp_input_a_sign_int=\count115
\l_fp_input_a_integer_int=\count116
\l_fp_input_a_decimal_int=\count117
\l_fp_input_a_exponent_int=\count118
\l_fp_input_b_sign_int=\count119
\l_fp_input_b_integer_int=\count120
\l_fp_input_b_decimal_int=\count121
\l_fp_input_b_exponent_int=\count122
\l_fp_input_a_extended_int=\count123
\l_fp_input_b_extended_int=\count124
\l_fp_mul_a_i_int=\count125
\l_fp_mul_a_ii_int=\count126
\l_fp_mul_a_iii_int=\count127
\l_fp_mul_a_iv_int=\count128
\l_fp_mul_a_v_int=\count129
\l_fp_mul_a_vi_int=\count130
\l_fp_mul_b_i_int=\count131
\l_fp_mul_b_ii_int=\count132
\l_fp_mul_b_iii_int=\count133
\l_fp_mul_b_iv_int=\count134
\l_fp_mul_b_v_int=\count135
\l_fp_mul_b_vi_int=\count136
\l_fp_mul_output_int=\count137
\l_fp_output_sign_int=\count138
\l_fp_output_integer_int=\count139
\l_fp_output_decimal_int=\count140
\l_fp_output_exponent_int=\count141
\l_fp_output_extended_int=\count142
\l_fp_round_position_int=\count143
\l_fp_round_target_int=\count144
\l_fp_split_sign_int=\count145
\l_fp_internal_int=\count146
\l_fp_trig_octant_int=\count147
\l_fp_trig_sign_int=\count148
\l_fp_trig_decimal_int=\count149
\l_fp_trig_extended_int=\count150
\l_fp_internal_dim=\dimen111
\l_fp_internal_skip=\skip58
)
("E:\Program Files\CTEX\MiKTeX\tex\latex\l3kernel\l3box.sty"
Package: l3box 2012/02/18 v3432 L3 Experimental boxes
\l_tmpb_box=\box26
\l_box_top_dim=\dimen112
\l_box_bottom_dim=\dimen113
\l_box_left_dim=\dimen114
\l_box_right_dim=\dimen115
\l_box_top_new_dim=\dimen116
\l_box_bottom_new_dim=\dimen117
\l_box_left_new_dim=\dimen118
\l_box_right_new_dim=\dimen119
\l_box_internal_box=\box27
)
("E:\Program Files\CTEX\MiKTeX\tex\latex\l3kernel\l3coffins.sty"
Package: l3coffins 2012/02/26 v3460 L3 Experimental coffin code layer
\l_coffin_internal_box=\box28
\l_coffin_internal_dim=\dimen120
\l_coffin_offset_x_dim=\dimen121
\l_coffin_offset_y_dim=\dimen122
\l_coffin_x_dim=\dimen123
\l_coffin_y_dim=\dimen124
\l_coffin_x_prime_dim=\dimen125
\l_coffin_y_prime_dim=\dimen126
\l_coffin_Depth_dim=\dimen127
\l_coffin_Height_dim=\dimen128
\l_coffin_TotalHeight_dim=\dimen129
\l_coffin_Width_dim=\dimen130
\c_empty_coffin=\box29
\l_coffin_aligned_coffin=\box30
\l_coffin_aligned_internal_coffin=\box31
\l_coffin_bounding_shift_dim=\dimen131
\l_coffin_left_corner_dim=\dimen132
\l_coffin_right_corner_dim=\dimen133
\l_coffin_bottom_corner_dim=\dimen134
\l_coffin_top_corner_dim=\dimen135
\l_coffin_scaled_total_height_dim=\dimen136
\l_coffin_scaled_width_dim=\dimen137
\l_coffin_display_coffin=\box32
\l_coffin_display_coord_coffin=\box33
\l_coffin_display_pole_coffin=\box34
\l_coffin_display_offset_dim=\dimen138
\l_coffin_display_x_dim=\dimen139
\l_coffin_display_y_dim=\dimen140
)
("E:\Program Files\CTEX\MiKTeX\tex\latex\l3kernel\l3color.sty"
Package: l3color 2011/09/07 v2776 L3 Experimental colour support
)
("E:\Program Files\CTEX\MiKTeX\tex\latex\l3kernel\l3luatex.sty"
Package: l3luatex 2012/02/09 v3355 L3 Experimental LuaTeX-specific functions
\g_cctab_allocate_int=\count151
\g_cctab_stack_int=\count152
))
Package: xparse 2012/02/26 v3471 L3 Experimental document command parser
\l_xparse_current_arg_int=\count153
\l_xparse_m_args_int=\count154
\l_xparse_mandatory_args_int=\count155
\l_xparse_processor_int=\count156
\l_xparse_v_nesting_int=\count157
)
("E:\Program Files\CTEX\MiKTeX\tex\latex\microtype\microtype.sty"
Package: microtype 2010/01/10 v2.4 Micro-typography with pdfTeX (RS)


Package microtype Warning: You don't seem to be using pdftex.
(microtype)                `microtype' only works with pdftex.
(microtype)                Try running `pdflatex' instead of `xelatex'.

) (I:\D\github\my-cv-and-resume\resume_win\moderncvcollection.sty
Package: moderncvcollection 2013/04/29 v1.5.1 moderncv collections
\c@collection@iterator=\count158
)
(I:\D\github\my-cv-and-resume\resume_win\moderncvcompatibility.sty
Package: moderncvcompatibility 2013/04/29 v1.5.1 modern curriculum vitae and le
tter compatibility patches
)
.................................................
. LaTeX info: "xparse/define-command"
. 
. Defining document command \address with arg. spec. 'mG{}G{}' on line 234.
.................................................
\c@collection@phones@count=\count159
\c@collection@socials@count=\count160
.................................................
. LaTeX info: "xparse/define-command"
. 
. Defining document command \social with arg. spec. 'O{}O{}m' on line 261.
.................................................
.................................................
. LaTeX info: "xparse/define-command"
. 
. Defining document command \photo with arg. spec. 'O{64pt}O{0.4pt}m' on line
. 343.
.................................................
.................................................
. LaTeX info: "xparse/define-command"
. 
. Defining document command \section with arg. spec. 'sm' on line 389.
.................................................
.................................................
. LaTeX info: "xparse/define-command"
. 
. Defining document command \subsection with arg. spec. 'sm' on line 393.
.................................................
\c@cvcolumnscounter=\count161
\c@cvcolumnsautowidthcounter=\count162
\c@tmpiteratorcounter=\count163
\cvcolumnsdummywidth=\skip59
\cvcolumnswidth=\skip60
\cvcolumnsautowidth=\skip61
\cvcolumnautowidth=\skip62
\bibindent=\skip63
)
(I:\D\github\my-cv-and-resume\resume_win\moderncvstyleclassic.sty
Package: moderncvstyleclassic 2013/04/29 v1.5.1 modern curriculum vitae and let
ter style scheme: classic

(I:\D\github\my-cv-and-resume\resume_win\moderncviconsmarvosym.sty
Package: moderncviconsmarvosym 2013/04/29 v1.5.1 modern curriculum vitae and le
tter icons: marvosym

("E:\Program Files\CTEX\MiKTeX\tex\latex\pgf\frontendlayer\tikz.sty"
("E:\Program Files\CTEX\MiKTeX\tex\latex\pgf\basiclayer\pgf.sty"
("E:\Program Files\CTEX\MiKTeX\tex\latex\pgf\utilities\pgfrcs.sty"
("E:\Program Files\CTEX\MiKTeX\tex\generic\pgf\utilities\pgfutil-common.tex"
\pgfutil@everybye=\toks15
)
("E:\Program Files\CTEX\MiKTeX\tex\generic\pgf\utilities\pgfutil-latex.def"
\pgfutil@abb=\box35

("E:\Program Files\CTEX\MiKTeX\tex\latex\ms\everyshi.sty"
Package: everyshi 2001/05/15 v3.00 EveryShipout Package (MS)
))
("E:\Program Files\CTEX\MiKTeX\tex\generic\pgf\utilities\pgfrcs.code.tex"
Package: pgfrcs 2010/10/25 v2.10 (rcs-revision 1.24)
))
Package: pgf 2008/01/15 v2.10 (rcs-revision 1.12)

("E:\Program Files\CTEX\MiKTeX\tex\latex\pgf\basiclayer\pgfcore.sty"
("E:\Program Files\CTEX\MiKTeX\tex\latex\pgf\systemlayer\pgfsys.sty"
("E:\Program Files\CTEX\MiKTeX\tex\generic\pgf\systemlayer\pgfsys.code.tex"
Package: pgfsys 2010/06/30 v2.10 (rcs-revision 1.37)

("E:\Program Files\CTEX\MiKTeX\tex\generic\pgf\utilities\pgfkeys.code.tex"
\pgfkeys@pathtoks=\toks16
\pgfkeys@temptoks=\toks17

("E:\Program Files\CTEX\MiKTeX\tex\generic\pgf\utilities\pgfkeysfiltered.code.t
ex"
\pgfkeys@tmptoks=\toks18
))
\pgf@x=\dimen141
\pgf@y=\dimen142
\pgf@xa=\dimen143
\pgf@ya=\dimen144
\pgf@xb=\dimen145
\pgf@yb=\dimen146
\pgf@xc=\dimen147
\pgf@yc=\dimen148
\w@pgf@writea=\write3
\r@pgf@reada=\read1
\c@pgf@counta=\count164
\c@pgf@countb=\count165
\c@pgf@countc=\count166
\c@pgf@countd=\count167
 ("E:\Program Files\CTEX\MiKTeX\tex\generic\pgf\systemlayer\pgf.cfg"
File: pgf.cfg 2008/05/14  (rcs-revision 1.7)
)
Package pgfsys Info: Driver file for pgf: pgfsys-xetex.def on input line 900.

("E:\Program Files\CTEX\MiKTeX\tex\generic\pgf\systemlayer\pgfsys-xetex.def"
File: pgfsys-xetex.def 2010/02/16  (rcs-revision 1.3)

("E:\Program Files\CTEX\MiKTeX\tex\generic\pgf\systemlayer\pgfsys-common-pdf.de
f"
File: pgfsys-common-pdf.def 2008/05/19  (rcs-revision 1.10)
)
("E:\Program Files\CTEX\MiKTeX\tex\generic\pgf\systemlayer\pgfsys-common-pdf-vi
a-dvi.def"
File: pgfsys-common-pdf-via-dvi.def 2008/05/19  (rcs-revision 1.7)
)))
("E:\Program Files\CTEX\MiKTeX\tex\generic\pgf\systemlayer\pgfsyssoftpath.code.
tex"
File: pgfsyssoftpath.code.tex 2008/07/18  (rcs-revision 1.7)
\pgfsyssoftpath@smallbuffer@items=\count168
\pgfsyssoftpath@bigbuffer@items=\count169
)
("E:\Program Files\CTEX\MiKTeX\tex\generic\pgf\systemlayer\pgfsysprotocol.code.
tex"
File: pgfsysprotocol.code.tex 2006/10/16  (rcs-revision 1.4)
))
("E:\Program Files\CTEX\MiKTeX\tex\generic\pgf\basiclayer\pgfcore.code.tex"
Package: pgfcore 2010/04/11 v2.10 (rcs-revision 1.7)

("E:\Program Files\CTEX\MiKTeX\tex\generic\pgf\math\pgfmath.code.tex"
("E:\Program Files\CTEX\MiKTeX\tex\generic\pgf\math\pgfmathcalc.code.tex"
("E:\Program Files\CTEX\MiKTeX\tex\generic\pgf\math\pgfmathutil.code.tex")
("E:\Program Files\CTEX\MiKTeX\tex\generic\pgf\math\pgfmathparser.code.tex"
\pgfmath@dimen=\dimen149
\pgfmath@count=\count170
\pgfmath@box=\box36
\pgfmath@toks=\toks19
\pgfmath@stack@operand=\toks20
\pgfmath@stack@operation=\toks21
)
("E:\Program Files\CTEX\MiKTeX\tex\generic\pgf\math\pgfmathfunctions.code.tex"
("E:\Program Files\CTEX\MiKTeX\tex\generic\pgf\math\pgfmathfunctions.basic.code
.tex")
("E:\Program Files\CTEX\MiKTeX\tex\generic\pgf\math\pgfmathfunctions.trigonomet
ric.code.tex")
("E:\Program Files\CTEX\MiKTeX\tex\generic\pgf\math\pgfmathfunctions.random.cod
e.tex")
("E:\Program Files\CTEX\MiKTeX\tex\generic\pgf\math\pgfmathfunctions.comparison
.code.tex")
("E:\Program Files\CTEX\MiKTeX\tex\generic\pgf\math\pgfmathfunctions.base.code.
tex")
("E:\Program Files\CTEX\MiKTeX\tex\generic\pgf\math\pgfmathfunctions.round.code
.tex")
("E:\Program Files\CTEX\MiKTeX\tex\generic\pgf\math\pgfmathfunctions.misc.code.
tex")))
("E:\Program Files\CTEX\MiKTeX\tex\generic\pgf\math\pgfmathfloat.code.tex"
\c@pgfmathroundto@lastzeros=\count171
))
("E:\Program Files\CTEX\MiKTeX\tex\generic\pgf\basiclayer\pgfcorepoints.code.te
x"
File: pgfcorepoints.code.tex 2010/04/09  (rcs-revision 1.20)
\pgf@picminx=\dimen150
\pgf@picmaxx=\dimen151
\pgf@picminy=\dimen152
\pgf@picmaxy=\dimen153
\pgf@pathminx=\dimen154
\pgf@pathmaxx=\dimen155
\pgf@pathminy=\dimen156
\pgf@pathmaxy=\dimen157
\pgf@xx=\dimen158
\pgf@xy=\dimen159
\pgf@yx=\dimen160
\pgf@yy=\dimen161
\pgf@zx=\dimen162
\pgf@zy=\dimen163
)
("E:\Program Files\CTEX\MiKTeX\tex\generic\pgf\basiclayer\pgfcorepathconstruct.
code.tex"
File: pgfcorepathconstruct.code.tex 2010/08/03  (rcs-revision 1.24)
\pgf@path@lastx=\dimen164
\pgf@path@lasty=\dimen165
)
("E:\Program Files\CTEX\MiKTeX\tex\generic\pgf\basiclayer\pgfcorepathusage.code
.tex"
File: pgfcorepathusage.code.tex 2008/04/22  (rcs-revision 1.12)
\pgf@shorten@end@additional=\dimen166
\pgf@shorten@start@additional=\dimen167
)
("E:\Program Files\CTEX\MiKTeX\tex\generic\pgf\basiclayer\pgfcorescopes.code.te
x"
File: pgfcorescopes.code.tex 2010/09/08  (rcs-revision 1.34)
\pgfpic=\box37
\pgf@hbox=\box38
\pgf@layerbox@main=\box39
\pgf@picture@serial@count=\count172
)
("E:\Program Files\CTEX\MiKTeX\tex\generic\pgf\basiclayer\pgfcoregraphicstate.c
ode.tex"
File: pgfcoregraphicstate.code.tex 2008/04/22  (rcs-revision 1.9)
\pgflinewidth=\dimen168
)
("E:\Program Files\CTEX\MiKTeX\tex\generic\pgf\basiclayer\pgfcoretransformation
s.code.tex"
File: pgfcoretransformations.code.tex 2009/06/10  (rcs-revision 1.11)
\pgf@pt@x=\dimen169
\pgf@pt@y=\dimen170
\pgf@pt@temp=\dimen171
)
("E:\Program Files\CTEX\MiKTeX\tex\generic\pgf\basiclayer\pgfcorequick.code.tex
"
File: pgfcorequick.code.tex 2008/10/09  (rcs-revision 1.3)
)
("E:\Program Files\CTEX\MiKTeX\tex\generic\pgf\basiclayer\pgfcoreobjects.code.t
ex"
File: pgfcoreobjects.code.tex 2006/10/11  (rcs-revision 1.2)
)
("E:\Program Files\CTEX\MiKTeX\tex\generic\pgf\basiclayer\pgfcorepathprocessing
.code.tex"
File: pgfcorepathprocessing.code.tex 2008/10/09  (rcs-revision 1.8)
)
("E:\Program Files\CTEX\MiKTeX\tex\generic\pgf\basiclayer\pgfcorearrows.code.te
x"
File: pgfcorearrows.code.tex 2008/04/23  (rcs-revision 1.11)
)
("E:\Program Files\CTEX\MiKTeX\tex\generic\pgf\basiclayer\pgfcoreshade.code.tex
"
File: pgfcoreshade.code.tex 2008/11/23  (rcs-revision 1.13)
\pgf@max=\dimen172
\pgf@sys@shading@range@num=\count173
)
("E:\Program Files\CTEX\MiKTeX\tex\generic\pgf\basiclayer\pgfcoreimage.code.tex
"
File: pgfcoreimage.code.tex 2010/03/25  (rcs-revision 1.16)

("E:\Program Files\CTEX\MiKTeX\tex\generic\pgf\basiclayer\pgfcoreexternal.code.
tex"
File: pgfcoreexternal.code.tex 2010/09/01  (rcs-revision 1.17)
\pgfexternal@startupbox=\box40
))
("E:\Program Files\CTEX\MiKTeX\tex\generic\pgf\basiclayer\pgfcorelayers.code.te
x"
File: pgfcorelayers.code.tex 2010/08/27  (rcs-revision 1.2)
)
("E:\Program Files\CTEX\MiKTeX\tex\generic\pgf\basiclayer\pgfcoretransparency.c
ode.tex"
File: pgfcoretransparency.code.tex 2008/01/17  (rcs-revision 1.2)
)
("E:\Program Files\CTEX\MiKTeX\tex\generic\pgf\basiclayer\pgfcorepatterns.code.
tex"
File: pgfcorepatterns.code.tex 2009/07/02  (rcs-revision 1.3)
)))
("E:\Program Files\CTEX\MiKTeX\tex\generic\pgf\modules\pgfmoduleshapes.code.tex
"
File: pgfmoduleshapes.code.tex 2010/09/09  (rcs-revision 1.13)
\pgfnodeparttextbox=\box41
) ("E:\Program Files\CTEX\MiKTeX\tex\generic\pgf\modules\pgfmoduleplot.code.tex
"
File: pgfmoduleplot.code.tex 2010/10/22  (rcs-revision 1.8)
)
("E:\Program Files\CTEX\MiKTeX\tex\latex\pgf\compatibility\pgfcomp-version-0-65
.sty"
Package: pgfcomp-version-0-65 2007/07/03 v2.10 (rcs-revision 1.7)
\pgf@nodesepstart=\dimen173
\pgf@nodesepend=\dimen174
)
("E:\Program Files\CTEX\MiKTeX\tex\latex\pgf\compatibility\pgfcomp-version-1-18
.sty"
Package: pgfcomp-version-1-18 2007/07/23 v2.10 (rcs-revision 1.1)
)) ("E:\Program Files\CTEX\MiKTeX\tex\latex\pgf\utilities\pgffor.sty"
("E:\Program Files\CTEX\MiKTeX\tex\latex\pgf\utilities\pgfkeys.sty"
("E:\Program Files\CTEX\MiKTeX\tex\generic\pgf\utilities\pgfkeys.code.tex"))
("E:\Program Files\CTEX\MiKTeX\tex\generic\pgf\utilities\pgffor.code.tex"
Package: pgffor 2010/03/23 v2.10 (rcs-revision 1.18)
\pgffor@iter=\dimen175
\pgffor@skip=\dimen176
\pgffor@stack=\toks22
\pgffor@toks=\toks23
))
("E:\Program Files\CTEX\MiKTeX\tex\generic\pgf\frontendlayer\tikz\tikz.code.tex
"
Package: tikz 2010/10/13 v2.10 (rcs-revision 1.76)

("E:\Program Files\CTEX\MiKTeX\tex\generic\pgf\libraries\pgflibraryplothandlers
.code.tex"
File: pgflibraryplothandlers.code.tex 2010/05/31 v2.10 (rcs-revision 1.15)
\pgf@plot@mark@count=\count174
\pgfplotmarksize=\dimen177
)
\tikz@lastx=\dimen178
\tikz@lasty=\dimen179
\tikz@lastxsaved=\dimen180
\tikz@lastysaved=\dimen181
\tikzleveldistance=\dimen182
\tikzsiblingdistance=\dimen183
\tikz@figbox=\box42
\tikz@tempbox=\box43
\tikztreelevel=\count175
\tikznumberofchildren=\count176
\tikznumberofcurrentchild=\count177
\tikz@fig@count=\count178

("E:\Program Files\CTEX\MiKTeX\tex\generic\pgf\modules\pgfmodulematrix.code.tex
"
File: pgfmodulematrix.code.tex 2010/08/24  (rcs-revision 1.4)
\pgfmatrixcurrentrow=\count179
\pgfmatrixcurrentcolumn=\count180
\pgf@matrix@numberofcolumns=\count181
)
\tikz@expandcount=\count182

("E:\Program Files\CTEX\MiKTeX\tex\generic\pgf\frontendlayer\tikz\libraries\tik
zlibrarytopaths.code.tex"
File: tikzlibrarytopaths.code.tex 2008/06/17 v2.10 (rcs-revision 1.2)
))))
\quotewidth=\skip64
\hintscolumnwidth=\skip65
\separatorcolumnwidth=\skip66
\maincolumnwidth=\skip67
\doubleitemmaincolumnwidth=\skip68
\listitemsymbolwidth=\skip69
LaTeX Font Info:    Try loading font information for U+mvs on input line 68.

("E:\Program Files\CTEX\MiKTeX\tex\latex\marvosym\umvs.fd")
Requested font "umvs" at 10.95pt
 -> umvs
\listitemmaincolumnwidth=\skip70
\listdoubleitemmaincolumnwidth=\skip71
\makecvtitlenamewidth=\skip72
\baseletterheight=\skip73
Requested font "ecrm1440" at 14.4pt
 -> ecrm1440

*************************************************
* LaTeX warning: "xparse/redefine-command"
* 
* Redefining document command \section with arg. spec. 'sm' on line 160.
*************************************************
*************************************************
* LaTeX warning: "xparse/redefine-command"
* 
* Redefining document command \subsection with arg. spec. 'sm' on line 169.
*************************************************
\cvitemwithcommentmainbox=\box44
\cvitemwithcommentmainlength=\skip74
\cvitemwithcommentcommentlength=\skip75
) (I:\D\github\my-cv-and-resume\resume_win\moderncvcolorblue.sty
Package: moderncvcolorblue 2013/04/29 v1.5.1 modern curriculum vitae and letter
 color scheme: blue
)
("E:\Program Files\CTEX\MiKTeX\tex\latex\fontspec\fontspec.sty"
Package: fontspec 2011/09/18 v2.2a Advanced font selection for XeLaTeX/LuaLaTeX

\l_fontspec_script_int=\count183
\l_fontspec_language_int=\count184
\l_fontspec_strnum_int=\count185
\l_fontspec_tmpa_dim=\dimen184
\l_fontspec_tmpb_dim=\dimen185
\l_fontspec_tmpc_dim=\dimen186
Variant \tl_gset:cV already defined; not changing it on line 66

("E:\Program Files\CTEX\MiKTeX\tex\latex\fontspec\fontspec-patches.sty"
Package: fontspec-patches 2011/09/18 v2.2a Advanced font selection for XeLaTeX/
LuaLaTeX

("E:\Program Files\CTEX\MiKTeX\tex\latex\base\fixltx2e.sty"
Package: fixltx2e 2006/09/13 v1.1m fixes to LaTeX
LaTeX Info: Redefining \em on input line 420.
)
LaTeX Info: Redefining \em on input line 22.
LaTeX Info: Redefining \emph on input line 29.
LaTeX Info: Redefining \- on input line 32.

*************************************************
* LaTeX warning: "xparse/redefine-command"
* 
* Redefining document command \oldstylenums with arg. spec. 'm' on line 107.
*************************************************
.................................................
. LaTeX info: "xparse/define-command"
. 
. Defining document command \liningnums with arg. spec. 'm' on line 111.
.................................................
) ("E:\Program Files\CTEX\MiKTeX\tex\latex\fontspec\fontspec-xetex.sty"
Package: fontspec-xetex 2011/09/18 v2.2a Advanced font selection for XeLaTeX/Lu
aLaTeX

("E:\Program Files\CTEX\MiKTeX\tex\latex\base\fontenc.sty"
Package: fontenc 2005/09/27 v1.99g Standard LaTeX package

("E:\Program Files\CTEX\MiKTeX\tex\latex\euenc\eu1enc.def"
File: eu1enc.def 2010/05/27 v0.1h Experimental Unicode font encodings
)
LaTeX Font Info:    Try loading font information for EU1+lmr on input line 100.


("E:\Program Files\CTEX\MiKTeX\tex\latex\euenc\eu1lmr.fd"
File: eu1lmr.fd 2009/10/30 v1.6 Font defs for Latin Modern
)
Requested font "[lmroman10-regular]:mapping=tex-text" at 10.0pt
 -> E:/Program Files/CTEX/MiKTeX/fonts/opentype/public/lm/lmroman10-regular.otf
)
("E:\Program Files\CTEX\MiKTeX\tex\xelatex\xunicode\xunicode.sty"
File: xunicode.sty 2011/09/09 v0.981 provides access to latin accents and many 
other characters in Unicode lower plane

("E:\Program Files\CTEX\MiKTeX\tex\latex\tipa\t3enc.def"
File: t3enc.def 2001/12/31 T3 encoding
Requested font "[lmromanslant10-regular]:mapping=tex-text" at 10.0pt
 -> E:/Program Files/CTEX/MiKTeX/fonts/opentype/public/lm/lmromanslant10-regula
r.otf
Requested font "[lmroman10-italic]:mapping=tex-text" at 10.0pt
 -> E:/Program Files/CTEX/MiKTeX/fonts/opentype/public/lm/lmroman10-italic.otf
Requested font "[lmroman10-bold]:mapping=tex-text" at 10.0pt
 -> E:/Program Files/CTEX/MiKTeX/fonts/opentype/public/lm/lmroman10-bold.otf
LaTeX Font Info:    Try loading font information for EU1+lmss on input line 357
.

("E:\Program Files\CTEX\MiKTeX\tex\latex\euenc\eu1lmss.fd"
File: eu1lmss.fd 2009/10/30 v1.6 Font defs for Latin Modern
)
Requested font "[lmsans10-regular]:mapping=tex-text" at 10.0pt
 -> E:/Program Files/CTEX/MiKTeX/fonts/opentype/public/lm/lmsans10-regular.otf
)
\tipaTiiicode=\count186
\tipasavetokens=\toks24
\tipachecktokens=\toks25
)
.................................................
. LaTeX info: "xparse/define-command"
. 
. Defining document command \fontspec with arg. spec. 'O{}m' on line 39.
.................................................
.................................................
. LaTeX info: "xparse/define-command"
. 
. Defining document command \setmainfont with arg. spec. 'O{}m' on line 43.
.................................................
.................................................
. LaTeX info: "xparse/define-command"
. 
. Defining document command \setsansfont with arg. spec. 'O{}m' on line 47.
.................................................
.................................................
. LaTeX info: "xparse/define-command"
. 
. Defining document command \setmonofont with arg. spec. 'O{}m' on line 51.
.................................................
.................................................
. LaTeX info: "xparse/define-command"
. 
. Defining document command \setmathrm with arg. spec. 'O{}m' on line 59.
.................................................
.................................................
. LaTeX info: "xparse/define-command"
. 
. Defining document command \setboldmathrm with arg. spec. 'O{}m' on line 62.
.................................................
.................................................
. LaTeX info: "xparse/define-command"
. 
. Defining document command \setmathsf with arg. spec. 'O{}m' on line 65.
.................................................
.................................................
. LaTeX info: "xparse/define-command"
. 
. Defining document command \setmathtt with arg. spec. 'O{}m' on line 68.
.................................................
.................................................
. LaTeX info: "xparse/define-command"
. 
. Defining document command \newfontfamily with arg. spec. 'mO{}m' on line 84.
.................................................
.................................................
. LaTeX info: "xparse/define-command"
. 
. Defining document command \newfontface with arg. spec. 'mO{}m' on line 87.
.................................................
.................................................
. LaTeX info: "xparse/define-command"
. 
. Defining document command \defaultfontfeatures with arg. spec. 'm' on line
. 91.
.................................................
.................................................
. LaTeX info: "xparse/define-command"
. 
. Defining document command \addfontfeatures with arg. spec. 'm' on line 107.
.................................................
.................................................
. LaTeX info: "xparse/define-command"
. 
. Defining document command \newfontfeature with arg. spec. 'mm' on line 118.
.................................................
.................................................
. LaTeX info: "xparse/define-command"
. 
. Defining document command \newAATfeature with arg. spec. 'mmmm' on line 125.
.................................................
.................................................
. LaTeX info: "xparse/define-command"
. 
. Defining document command \newICUfeature with arg. spec. 'mmm' on line 132.
.................................................
.................................................
. LaTeX info: "xparse/define-command"
. 
. Defining document command \aliasfontfeature with arg. spec. 'mm' on line
. 159.
.................................................
.................................................
. LaTeX info: "xparse/define-command"
. 
. Defining document command \aliasfontfeatureoption with arg. spec. 'mmm' on
. line 164.
.................................................
.................................................
. LaTeX info: "xparse/define-command"
. 
. Defining document command \newfontscript with arg. spec. 'mm' on line 169.
.................................................
.................................................
. LaTeX info: "xparse/define-command"
. 
. Defining document command \newfontlanguage with arg. spec. 'mm' on line 192.
.................................................
.................................................
. LaTeX info: "xparse/define-command"
. 
. Defining document command \DeclareFontsExtensions with arg. spec. 'm' on
. line 211.
.................................................
Variant \prop_gput:cnV already defined; not changing it on line 485
Variant \prop_gput:cnx already defined; not changing it on line 486
Variant \keys_set:nx already defined; not changing it on line 963
\c@fontspec_tmp_int=\count187
LaTeX Info: Redefining \itshape on input line 1881.
LaTeX Info: Redefining \slshape on input line 1885.
LaTeX Info: Redefining \scshape on input line 1889.
LaTeX Info: Redefining \upshape on input line 1893.

("E:\Program Files\CTEX\MiKTeX\tex\latex\fontspec\fontspec.cfg")))
("E:\Program Files\CTEX\MiKTeX\tex\latex\xltxtra\xltxtra.sty"
Package: xltxtra 2010/09/20 v0.5e Improvements for the "XeLaTeX" format

("E:\Program Files\CTEX\MiKTeX\tex\latex\realscripts\realscripts.sty"
Package: realscripts 2010/09/30 v0.3 Access OpenType subscripts and superscript
s
.................................................
. LaTeX info: "xparse/define-command"
. 
. Defining document command \fakesubscript with arg. spec. 'm' on line 19.
.................................................
.................................................
. LaTeX info: "xparse/define-command"
. 
. Defining document command \fakesuperscript with arg. spec. 'm' on line 22.
.................................................

*************************************************
* LaTeX warning: "xparse/redefine-command"
* 
* Redefining document command \textsubscript with arg. spec. 's' on line 25.
*************************************************
*************************************************
* LaTeX warning: "xparse/redefine-command"
* 
* Redefining document command \textsuperscript with arg. spec. 's' on line 28.
*************************************************
.................................................
. LaTeX info: "xparse/define-command"
. 
. Defining document command \realsubscript with arg. spec. 'm' on line 45.
.................................................
.................................................
. LaTeX info: "xparse/define-command"
. 
. Defining document command \realsuperscript with arg. spec. 'm' on line 60.
.................................................
.................................................
. LaTeX info: "xparse/define-command"
. 
. Defining document command \textsubsuperscript with arg. spec. 'sO{l}mm' on
. line 137.
.................................................
.................................................
. LaTeX info: "xparse/define-command"
. 
. Defining document command \textsupersubscript with arg. spec. 'sO{l}mm' on
. line 140.
.................................................
\subsupersep=\dimen187
) ("E:\Program Files\CTEX\MiKTeX\tex\latex\metalogo\metalogo.sty"
Package: metalogo 2010/05/29 v0.12 Extended TeX logo macros
\xl@everylogo=\toks26
\xl@@everylogo=\toks27
LaTeX Info: Redefining \TeX on input line 193.
LaTeX Info: Redefining \LaTeX on input line 202.
LaTeX Info: Redefining \LaTeXe on input line 219.
)
\xxt@tempbox=\box45
)
Requested font "Times New Roman" at 10.0pt
 -> C:/Windows/Fonts/times.ttf
Requested font "Times New Roman/ICU" at 10.0pt
 -> C:/Windows/Fonts/times.ttf
.................................................
. fontspec info: "set-scale"
. 
. Times New Roman scale = 0.9636323790.
.................................................
\g_fontspec_family_Times New Roman_int=\count188
.................................................
. fontspec info: "set-scale"
. 
. Times New Roman scale = 0.9636323790.
.................................................
Requested font "Times New Roman/B/ICU" at 10.0pt
 -> C:/Windows/Fonts/timesbd.ttf
Requested font "Times New Roman/B/B/ICU" at 10.0pt
 -> C:/Windows/Fonts/timesbd.ttf
.................................................
. fontspec info: "set-scale"
. 
. Times New Roman/B scale = 0.9440512720.
.................................................
Requested font "Times New Roman/I/ICU" at 10.0pt
 -> C:/Windows/Fonts/timesi.ttf
Requested font "Times New Roman/I/I/ICU" at 10.0pt
 -> C:/Windows/Fonts/timesi.ttf
.................................................
. fontspec info: "set-scale"
. 
. Times New Roman/I scale = 0.9753448210.
.................................................
Requested font "Times New Roman/BI/ICU" at 10.0pt
 -> C:/Windows/Fonts/timesbi.ttf
Requested font "Times New Roman/BI/BI/ICU" at 10.0pt
 -> C:/Windows/Fonts/timesbi.ttf
.................................................
. fontspec info: "set-scale"
. 
. Times New Roman/BI scale = 0.9521978980.
.................................................
.................................................
. fontspec info: "defining-font"
. 
. Font family 'TimesNewRoman(0)' created for font 'Times New Roman' with
. options [Scale=MatchLowercase,].
. 
. This font family consists of the following shapes:
. 
. * 'normal' with NFSS spec.:
. <->s*[0.9636323790]"Times New Roman/ICU:script=latn;language=DFLT;"
. 
. * 'bold' with NFSS spec.:
. <->s*[0.9440512720]"Times New Roman/B/ICU:script=latn;language=DFLT;"
. 
. * 'italic' with NFSS spec.:
. <->s*[0.9753448210]"Times New Roman/I/ICU:script=latn;language=DFLT;"
. 
. * 'bold italic' with NFSS spec.:
. <->s*[0.9521978980]"Times New Roman/BI/ICU:script=latn;language=DFLT;"
.................................................
LaTeX Font Info:    Font shape `EU1/TimesNewRoman(0)/m/n' will be
(Font)              scaled to size 9.63638pt on input line 17.
Requested font "Times New Roman/ICU:script=latn;language=DFLT;" at 9.63638pt
 -> C:/Windows/Fonts/times.ttf
.................................................
. fontspec info: "set-scale"
. 
. Times New Roman scale = 0.9636390870.
.................................................
.................................................
. fontspec info: "set-scale"
. 
. Times New Roman scale = 0.9636390870.
.................................................
Requested font "Times New Roman/B/ICU" at 10.0pt
 -> C:/Windows/Fonts/timesbd.ttf
Requested font "Times New Roman/B/B/ICU" at 10.0pt
 -> C:/Windows/Fonts/timesbd.ttf
.................................................
. fontspec info: "set-scale"
. 
. Times New Roman/B scale = 0.9440578430.
.................................................
Requested font "Times New Roman/I/ICU" at 10.0pt
 -> C:/Windows/Fonts/timesi.ttf
Requested font "Times New Roman/I/I/ICU" at 10.0pt
 -> C:/Windows/Fonts/timesi.ttf
.................................................
. fontspec info: "set-scale"
. 
. Times New Roman/I scale = 0.9753516100.
.................................................
Requested font "Times New Roman/BI/ICU" at 10.0pt
 -> C:/Windows/Fonts/timesbi.ttf
Requested font "Times New Roman/BI/BI/ICU" at 10.0pt
 -> C:/Windows/Fonts/timesbi.ttf
.................................................
. fontspec info: "set-scale"
. 
. Times New Roman/BI scale = 0.9522045250.
.................................................
.................................................
. fontspec info: "defining-font"
. 
. Font family 'TimesNewRoman(1)' created for font 'Times New Roman' with
. options [Scale=MatchLowercase,].
. 
. This font family consists of the following shapes:
. 
. * 'normal' with NFSS spec.:
. <->s*[0.9636390870]"Times New Roman/ICU:script=latn;language=DFLT;"
. 
. * 'bold' with NFSS spec.:
. <->s*[0.9440578430]"Times New Roman/B/ICU:script=latn;language=DFLT;"
. 
. * 'italic' with NFSS spec.:
. <->s*[0.9753516100]"Times New Roman/I/ICU:script=latn;language=DFLT;"
. 
. * 'bold italic' with NFSS spec.:
. <->s*[0.9522045250]"Times New Roman/BI/ICU:script=latn;language=DFLT;"
.................................................
.................................................
. fontspec info: "set-scale"
. 
. Times New Roman scale = 0.9636390870.
.................................................
.................................................
. fontspec info: "defining-font"
. 
. Font family 'TimesNewRoman(1)' created for font 'Times New Roman' with
. options [Scale=MatchLowercase,].
. 
. This font family consists of the following shapes:
.................................................

("E:\Program Files\CTEX\MiKTeX\tex\xelatex\xecjk\xeCJK.sty"
Package: xeCJK 2012/01/31 2.4.5 package for typesetting CJK scripts with XeLaTe
X


Package xeCJK Warning: obsolete option 'CJKtextspaces'. It may be removed in th
e future. on input line 69.

("E:\Program Files\CTEX\MiKTeX\tex\latex\xkeyval\xkeyval.sty"
Package: xkeyval 2008/08/13 v2.6a package option processing (HA)

("E:\Program Files\CTEX\MiKTeX\tex\generic\xkeyval\xkeyval.tex"
\XKV@toks=\toks28
\XKV@tempa@toks=\toks29
\XKV@depth=\count189
File: xkeyval.tex 2008/08/13 v2.6a key=value parser (HA)
))
\xeCJK@cnta=\count190
\xeCJK@cntb=\count191
\xeCJK@cntc=\count192
\xeCJK@cntd=\count193
\xeCJK@cnte=\count194
\xeCJK@dima=\dimen188
LaTeX Info: Redefining \normalfont on input line 886.
LaTeX Info: Redefining \rmfamily on input line 895.
LaTeX Info: Redefining \sffamily on input line 899.
LaTeX Info: Redefining \ttfamily on input line 903.
\xeCJK@featureadded=\count195
\g_xecjk_exspace_dim=\dimen189

("E:\Program Files\CTEX\MiKTeX\tex\latex\cjk\CJKnumb.sty"
Package: CJKnumb 2008/12/29 4.8.2
\CJK@q=\count196
\CJK@r=\count197
))
("E:\Program Files\CTEX\MiKTeX\tex\latex\lastpage\lastpage.sty"
Package: lastpage 2011/09/01 v1.2k Refers to last page's name (HMM; JPG)
)
("E:\Program Files\CTEX\MiKTeX\tex\latex\geometry\geometry.sty"
Package: geometry 2010/09/12 v5.6 Page Geometry

("E:\Program Files\CTEX\MiKTeX\tex\generic\oberdiek\ifpdf.sty"
Package: ifpdf 2011/01/30 v2.3 Provides the ifpdf switch (HO)
Package ifpdf Info: pdfTeX in PDF mode is not detected.
)
("E:\Program Files\CTEX\MiKTeX\tex\generic\oberdiek\ifvtex.sty"
Package: ifvtex 2010/03/01 v1.5 Switches for detecting VTeX and its modes (HO)
Package ifvtex Info: VTeX not detected.
)
\Gm@cnth=\count198
\Gm@cntv=\count199
\c@Gm@tempcnt=\count200
\Gm@bindingoffset=\dimen190
\Gm@wd@mp=\dimen191
\Gm@odd@mp=\dimen192
\Gm@even@mp=\dimen193
\Gm@layoutwidth=\dimen194
\Gm@layoutheight=\dimen195
\Gm@layouthoffset=\dimen196
\Gm@layoutvoffset=\dimen197
\Gm@dimlist=\toks30

("E:\Program Files\CTEX\MiKTeX\tex\xelatex\xetexconfig\geometry.cfg"))
("E:\Program Files\CTEX\MiKTeX\tex\latex\manfnt\manfnt.sty"
Package: manfnt 1999/07/010.2LaTeX2e manfnt package
\dbend@height=\skip76
)
("E:\Program Files\CTEX\MiKTeX\tex\latex\hyperref\hyperref.sty"
Package: hyperref 2012/02/06 v6.82o Hypertext links for LaTeX

("E:\Program Files\CTEX\MiKTeX\tex\generic\oberdiek\hobsub-hyperref.sty"
Package: hobsub-hyperref 2011/04/23 v1.4 Bundle oberdiek, subset hyperref (HO)

("E:\Program Files\CTEX\MiKTeX\tex\generic\oberdiek\hobsub-generic.sty"
Package: hobsub-generic 2011/04/23 v1.4 Bundle oberdiek, subset generic (HO)
Package: hobsub 2011/04/23 v1.4 Subsetting bundle oberdiek (HO)
Package: infwarerr 2010/04/08 v1.3 Providing info/warning/message (HO)
Package: ltxcmds 2011/04/18 v1.20 LaTeX kernel commands for general use (HO)
Package hobsub Info: Skipping package `ifluatex' (already loaded).
Package hobsub Info: Skipping package `ifvtex' (already loaded).
Package: intcalc 2007/09/27 v1.1 Expandable integer calculations (HO)
Package hobsub Info: Skipping package `ifpdf' (already loaded).
Package: etexcmds 2011/02/16 v1.5 Prefix for e-TeX command names (HO)
Package etexcmds Info: Could not find \expanded.
(etexcmds)             That can mean that you are not using pdfTeX 1.50 or
(etexcmds)             that some package has redefined \expanded.
(etexcmds)             In the latter case, load this package earlier.
Package: kvsetkeys 2011/04/07 v1.13 Key value parser (HO)
Package: kvdefinekeys 2011/04/07 v1.3 Defining keys (HO)
Package: pdftexcmds 2011/04/22 v0.16 Utilities of pdfTeX for LuaTeX (HO)
Package pdftexcmds Info: LuaTeX not detected.
Package pdftexcmds Info: pdfTeX >= 1.30 not detected.
Package pdftexcmds Info: \pdf@primitive is available.
Package pdftexcmds Info: \pdf@ifprimitive is available.
Package pdftexcmds Info: \pdfdraftmode not found.
Package: pdfescape 2011/04/04 v1.12 Provides string conversions (HO)
Package: bigintcalc 2011/01/30 v1.2 Expandable big integer calculations (HO)
Package: bitset 2011/01/30 v1.1 Data type bit set (HO)
Package: uniquecounter 2011/01/30 v1.2 Provides unlimited unique counter (HO)
)
Package hobsub Info: Skipping package `hobsub' (already loaded).
Package: letltxmacro 2010/09/02 v1.4 Let assignment for LaTeX macros (HO)
Package: hopatch 2011/01/30 v1.0 Wrapper for package hooks (HO)
Package: xcolor-patch 2011/01/30 xcolor patch
Package: atveryend 2011/04/23 v1.7 Hooks at very end of document (HO)
Package: atbegshi 2011/01/30 v1.15 At begin shipout hook (HO)
Package: refcount 2010/12/01 v3.2 Data extraction from references (HO)
Package: hycolor 2011/01/30 v1.7 Color options of hyperref/bookmark (HO)
)
("E:\Program Files\CTEX\MiKTeX\tex\latex\oberdiek\kvoptions.sty"
Package: kvoptions 2010/12/23 v3.10 Keyval support for LaTeX options (HO)
)
\@linkdim=\dimen198
\Hy@linkcounter=\count201
Normal \count register pool exhausted, switching to extended pool.
\Hy@pagecounter=\count277

("E:\Program Files\CTEX\MiKTeX\tex\latex\hyperref\pd1enc.def"
File: pd1enc.def 2012/02/06 v6.82o Hyperref: PDFDocEncoding definition (HO)
)
\Hy@SavedSpaceFactor=\count278

("E:\Program Files\CTEX\MiKTeX\tex\latex\00miktex\hyperref.cfg"
File: hyperref.cfg 2002/06/06 v1.2 hyperref configuration of TeXLive
)
Package hyperref Info: Option `unicode' set `true' on input line 3925.

("E:\Program Files\CTEX\MiKTeX\tex\latex\hyperref\puenc.def"
File: puenc.def 2012/02/06 v6.82o Hyperref: PDF Unicode definition (HO)
)
Package hyperref Info: Hyper figures OFF on input line 4046.
Package hyperref Info: Link nesting OFF on input line 4051.
Package hyperref Info: Hyper index ON on input line 4054.
Package hyperref Info: Plain pages OFF on input line 4061.
Package hyperref Info: Backreferencing OFF on input line 4066.
Package hyperref Info: Implicit mode ON; LaTeX internals redefined.
Package hyperref Info: Bookmarks ON on input line 4284.
\c@Hy@tempcnt=\count279
LaTeX Info: Redefining \url on input line 4637.
\Fld@menulength=\count280
\Field@Width=\dimen199
\Fld@charsize=\dimen200
Package hyperref Info: Hyper figures OFF on input line 5757.
Package hyperref Info: Link nesting OFF on input line 5762.
Package hyperref Info: Hyper index ON on input line 5765.
Package hyperref Info: backreferencing OFF on input line 5772.
Package hyperref Info: Link coloring OFF on input line 5777.
Package hyperref Info: Link coloring with OCG OFF on input line 5782.
Package hyperref Info: PDF/A mode OFF on input line 5787.
LaTeX Info: Redefining \ref on input line 5827.
LaTeX Info: Redefining \pageref on input line 5831.
\Hy@abspage=\count281
\c@Item=\count282
\c@Hfootnote=\count283
)

Package hyperref Message: Driver (autodetected): hxetex.

("E:\Program Files\CTEX\MiKTeX\tex\latex\hyperref\hxetex.def"
File: hxetex.def 2012/02/06 v6.82o Hyperref driver for XeTeX

("E:\Program Files\CTEX\MiKTeX\tex\generic\oberdiek\stringenc.sty"
Package: stringenc 2010/03/01 v1.8 Converts strings between encodings (HO)
)
\pdfm@box=\box46
\c@Hy@AnnotLevel=\count284
\HyField@AnnotCount=\count285
\Fld@listcount=\count286
\c@bookmark@seq@number=\count287

("E:\Program Files\CTEX\MiKTeX\tex\latex\oberdiek\rerunfilecheck.sty"
Package: rerunfilecheck 2011/04/15 v1.7 Rerun checks for auxiliary files (HO)
Package rerunfilecheck Info: Feature \pdfmdfivesum is not available
(rerunfilecheck)             (e.g. pdfTeX or LuaTeX with package `pdftexcmds').

(rerunfilecheck)             Therefore file contents cannot be checked efficien
tly
(rerunfilecheck)             and the loading of the package is aborted.
)
\Hy@SectionHShift=\skip77
)
Package hyperref Info: Option `breaklinks' set `true' on input line 90.
Package hyperref Info: Option `bookmarksopen' set `true' on input line 90.

(I:\D\github\my-cv-and-resume\resume_win\yuanyong_resume_cn.aux)
LaTeX Font Info:    Checking defaults for OML/cmm/m/it on input line 90.
LaTeX Font Info:    ... okay on input line 90.
LaTeX Font Info:    Checking defaults for T1/cmr/m/n on input line 90.
LaTeX Font Info:    ... okay on input line 90.
LaTeX Font Info:    Checking defaults for OT1/cmr/m/n on input line 90.
LaTeX Font Info:    ... okay on input line 90.
LaTeX Font Info:    Checking defaults for OMS/cmsy/m/n on input line 90.
LaTeX Font Info:    ... okay on input line 90.
LaTeX Font Info:    Checking defaults for OMX/cmex/m/n on input line 90.
LaTeX Font Info:    ... okay on input line 90.
LaTeX Font Info:    Checking defaults for U/cmr/m/n on input line 90.
LaTeX Font Info:    ... okay on input line 90.
LaTeX Font Info:    Checking defaults for EU1/lmr/m/n on input line 90.
LaTeX Font Info:    ... okay on input line 90.
LaTeX Font Info:    Checking defaults for T3/cmr/m/n on input line 90.
LaTeX Font Info:    Try loading font information for T3+cmr on input line 90.

("E:\Program Files\CTEX\MiKTeX\tex\latex\tipa\t3cmr.fd"
File: t3cmr.fd 2001/12/31 TIPA font definitions
)
LaTeX Font Info:    ... okay on input line 90.
LaTeX Font Info:    Checking defaults for PD1/pdf/m/n on input line 90.
LaTeX Font Info:    ... okay on input line 90.
LaTeX Font Info:    Checking defaults for PU/pdf/m/n on input line 90.
LaTeX Font Info:    ... okay on input line 90.
LaTeX Font Info:    Font shape `EU1/TimesNewRoman(0)/m/n' will be
(Font)              scaled to size 10.55183pt on input line 90.
Requested font "Times New Roman/ICU:script=latn;language=DFLT;" at 10.55183pt
 -> C:/Windows/Fonts/times.ttf

ABD: EveryShipout initializing macros
Package lastpage Info: Please have a look at the pageslts package at
(lastpage)             http://www.ctan.org/tex-archive/ 
(lastpage)             macros/latex/contrib/pageslts/ 
(lastpage)             or
(lastpage)             http://www.ctan.org/tex-archive/ 
(lastpage)             install/macros/latex/contrib/pageslts.tds.zip
(lastpage)             ! on input line 90.

*geometry* detected driver: pdftex
*geometry* verbose mode - [ preamble ] result:
* driver: pdftex
* paper: a4paper
* layout: <same size as paper>
* layoutoffset:(h,v)=(0.0pt,0.0pt)
* modes: 
* h-part:(L,W,R)=(44.81126pt, 507.88533pt, 44.81128pt)
* v-part:(T,H,B)=(50.70074pt, 718.29497pt, 76.05113pt)
* \paperwidth=597.50787pt
* \paperheight=845.04684pt
* \textwidth=507.88533pt
* \textheight=718.29497pt
* \oddsidemargin=-27.45872pt
* \evensidemargin=-27.45872pt
* \topmargin=-58.56924pt
* \headheight=12.0pt
* \headsep=25.0pt
* \topskip=11.0pt
* \footskip=30.0pt
* \marginparwidth=50.0pt
* \marginparsep=10.0pt
* \columnsep=10.0pt
* \skip\footins=10.0pt plus 4.0pt minus 2.0pt
* \hoffset=0.0pt
* \voffset=0.0pt
* \mag=1000
* \@twocolumnfalse
* \@twosidefalse
* \@mparswitchfalse
* \@reversemarginfalse
* (1in=72.27pt=25.4mm, 1cm=28.453pt)

Package hyperref Info: Option `colorlinks' set `true' on input line 90.
\AtBeginShipoutBox=\box47
Package hyperref Info: Link coloring ON on input line 90.
("E:\Program Files\CTEX\MiKTeX\tex\latex\hyperref\nameref.sty"
Package: nameref 2010/04/30 v2.40 Cross-referencing by name of section

("E:\Program Files\CTEX\MiKTeX\tex\generic\oberdiek\gettitlestring.sty"
Package: gettitlestring 2010/12/03 v1.4 Cleanup title references (HO)
)
\c@section@level=\count288
)
LaTeX Info: Redefining \ref on input line 90.
LaTeX Info: Redefining \pageref on input line 90.
LaTeX Info: Redefining \nameref on input line 90.

(I:\D\github\my-cv-and-resume\resume_win\yuanyong_resume_cn.out)
(I:\D\github\my-cv-and-resume\resume_win\yuanyong_resume_cn.out)
\@outlinefile=\write4
\makecvtitledetailsbox=\box48


LaTeX Font Warning: Font shape `EU1/TimesNewRoman(0)/m/sl' undefined
(Font)              using `EU1/TimesNewRoman(0)/m/n' instead on input line 92.

LaTeX Font Info:    Try loading font information for OT1+lmr on input line 92.
("E:\Program Files\CTEX\MiKTeX\tex\latex\lm\ot1lmr.fd"
File: ot1lmr.fd 2009/10/30 v1.6 Font defs for Latin Modern
)
Requested font "rm-lmr10" at 10.0pt
 -> rm-lmr10
Requested font "rm-lmr7" at 7.0pt
 -> rm-lmr7
Requested font "rm-lmr5" at 5.0pt
 -> rm-lmr5
LaTeX Font Info:    Try loading font information for OML+lmm on input line 92.

("E:\Program Files\CTEX\MiKTeX\tex\latex\lm\omllmm.fd"
File: omllmm.fd 2009/10/30 v1.6 Font defs for Latin Modern
)
Requested font "lmmi10" at 10.0pt
 -> lmmi10
Requested font "lmmi7" at 7.0pt
 -> lmmi7
Requested font "lmmi5" at 5.0pt
 -> lmmi5
LaTeX Font Info:    Try loading font information for OMS+lmsy on input line 92.


("E:\Program Files\CTEX\MiKTeX\tex\latex\lm\omslmsy.fd"
File: omslmsy.fd 2009/10/30 v1.6 Font defs for Latin Modern
)
Requested font "lmsy10" at 10.0pt
 -> lmsy10
Requested font "lmsy7" at 7.0pt
 -> lmsy7
Requested font "lmsy5" at 5.0pt
 -> lmsy5
LaTeX Font Info:    Try loading font information for OMX+lmex on input line 92.


("E:\Program Files\CTEX\MiKTeX\tex\latex\lm\omxlmex.fd"
File: omxlmex.fd 2009/10/30 v1.6 Font defs for Latin Modern
)
LaTeX Font Info:    External font `lmex10' loaded for size
(Font)              <10> on input line 92.
Requested font "lmex10" scaled 1000
 -> lmex10
LaTeX Font Info:    External font `lmex10' loaded for size
(Font)              <7> on input line 92.
LaTeX Font Info:    External font `lmex10' loaded for size
(Font)              <5> on input line 92.
Requested font "Adobe Heiti Std" at 10.0pt
 -> font not found, using "nullfont"


!!!!!!!!!!!!!!!!!!!!!!!!!!!!!!!!!!!!!!!!!!!!!!!!
!
! fontspec error: "font-not-found"
! 
! The font "Adobe Heiti Std" cannot be found.
! 
! See the fontspec documentation for further information.
! 
! For immediate help type H <return>.
!...............................................  
                                                  
l.92 \vspace
            {-3em}      %
? 
Requested font "Adobe Heiti Std" at 10.0pt
 -> font not found, using "nullfont"
.................................................
. fontspec info: "no-scripts"
. 
. Font Adobe Heiti Std does not contain any OpenType `Script' information.
.................................................
LaTeX Font Info:    Font shape `EU1/TimesNewRoman(0)/m/sl' will be
(Font)              scaled to size 9.63638pt on input line 92.
Missing character: There is no x in font nullfont!
.................................................
. fontspec info: "set-scale"
. 
. Adobe Heiti Std scale = 0.000000000.
.................................................
\g_fontspec_family_Adobe Heiti Std_int=\count289
Requested font "Adobe Heiti Std" at 10.0pt
 -> font not found, using "nullfont"

!!!!!!!!!!!!!!!!!!!!!!!!!!!!!!!!!!!!!!!!!!!!!!!!
!
! fontspec error: "font-not-found"
! 
! The font "Adobe Heiti Std" cannot be found.
! 
! See the fontspec documentation for further information.
! 
! For immediate help type H <return>.
!...............................................  
                                                  
l.92 \vspace
            {-3em}      %
? 
Missing character: There is no x in font nullfont!
.................................................
. fontspec info: "set-scale"
. 
. Adobe Heiti Std scale = 0.000000000.
.................................................
Requested font "Adobe Heiti Std" at 10.0pt
 -> font not found, using "nullfont"

!!!!!!!!!!!!!!!!!!!!!!!!!!!!!!!!!!!!!!!!!!!!!!!!
!
! fontspec error: "font-not-found"
! 
! The font "Adobe Heiti Std" cannot be found.
! 
! See the fontspec documentation for further information.
! 
! For immediate help type H <return>.
!...............................................  
                                                  
l.92 \vspace
            {-3em}      %
? 
Missing character: There is no x in font nullfont!
.................................................
. fontspec info: "set-scale"
. 
. Adobe Heiti Std scale = 0.000000000.
.................................................
Requested font "Adobe Heiti Std" at 10.0pt
 -> font not found, using "nullfont"

!!!!!!!!!!!!!!!!!!!!!!!!!!!!!!!!!!!!!!!!!!!!!!!!
!
! fontspec error: "font-not-found"
! 
! The font "Adobe Heiti Std" cannot be found.
! 
! See the fontspec documentation for further information.
! 
! For immediate help type H <return>.
!...............................................  
                                                  
l.92 \vspace
            {-3em}      %
? 
Missing character: There is no x in font nullfont!
.................................................
. fontspec info: "set-scale"
. 
. Adobe Heiti Std scale = 0.000000000.
.................................................
Requested font "Adobe Heiti Std" at 10.0pt
 -> font not found, using "nullfont"

!!!!!!!!!!!!!!!!!!!!!!!!!!!!!!!!!!!!!!!!!!!!!!!!
!
! fontspec error: "font-not-found"
! 
! The font "Adobe Heiti Std" cannot be found.
! 
! See the fontspec documentation for further information.
! 
! For immediate help type H <return>.
!...............................................  
                                                  
l.92 \vspace
            {-3em}      %
? 
Missing character: There is no x in font nullfont!
.................................................
. fontspec info: "set-scale"
. 
. Adobe Heiti Std scale = 0.000000000.
.................................................
.................................................
. fontspec info: "defining-font"
. 
. Font family 'AdobeHeitiStd(0)' created for font 'Adobe Heiti Std' with
. options [Scale=MatchLowercase,BoldFont={Adobe Heiti
. Std},BoldFeatures={RawFeature={embolden=4}},ItalicFont={Adobe Heiti
. Std},ItalicFeatures={RawFeature={slant=0.17}},BoldItalicFont={Adobe Heiti
. Std},BoldItalicFeatures={RawFeature={embolden=4,slant=0.17}}].
. 
. This font family consists of the following shapes:
. 
. * 'normal' with NFSS spec.:
. <->s*[0.000000000]"Adobe Heiti Std:"
. 
. * 'bold' with NFSS spec.:
. <->s*[0.000000000]"Adobe Heiti Std:embolden=4;"
. 
. * 'italic' with NFSS spec.:
. <->s*[0.000000000]"Adobe Heiti Std:slant=0.17;"
. 
. * 'bold italic' with NFSS spec.:
. <->s*[0.000000000]"Adobe Heiti Std:embolden=4,slant=0.17;"
.................................................

LaTeX Font Warning: Font shape `EU1/AdobeHeitiStd(0)/m/sl' undefined
(Font)              using `EU1/AdobeHeitiStd(0)/m/n' instead on input line 92.

LaTeX Font Info:    Font shape `EU1/AdobeHeitiStd(0)/m/n' will be
(Font)              scaled to size 0.0pt on input line 92.
! Improper `at' size (0.0pt), replaced by 10pt.
<to be read again> 
                   relax 
l.92 \vspace
            {-3em}      %
? 
Requested font "Adobe Heiti Std:" at 10.0pt
! Font EU1/AdobeHeitiStd(0)/m/n/10="Adobe Heiti Std:" at 10.0pt not loadable: M
etric (TFM) file or installed font not found.
<to be read again> 
                   relax 
l.92 \vspace
            {-3em}      %
? 
 -> font not found, using "nullfont"
LaTeX Font Info:    Font shape `EU1/AdobeHeitiStd(0)/m/sl' will be
(Font)              scaled to size 0.0pt on input line 92.
! Improper `at' size (0.0pt), replaced by 10pt.
<to be read again> 
                   
l.92 \vspace
            {-3em}      %
? 
Requested font "Adobe Heiti Std:" at 10.0pt
! Font \xeCJK@rm/m/sl/10="Adobe Heiti Std:" at 10.0pt not loadable: Metric (TFM
) file or installed font not found.
<to be read again> 
                   
l.92 \vspace
            {-3em}      %
? 
 -> font not found, using "nullfont"
Missing character: There is no  in font nullfont!
Missing character: There is no  in font nullfont!
Missing character: There is no  in font nullfont!
Missing character: There is no  in font nullfont!
Missing character: There is no  in font nullfont!
Missing character: There is no  in font nullfont!
Requested font "umvs" at 10.0pt
 -> umvs
LaTeX Font Info:    Font shape `EU1/TimesNewRoman(0)/m/sl' will be
(Font)              scaled to size 13.87637pt on input line 92.
Requested font "Times New Roman/ICU:script=latn;language=DFLT;" at 13.87637pt
 -> C:/Windows/Fonts/times.ttf
Requested font "umvs" at 14.4pt
 -> umvs
\makecvtitlepicturebox=\box49
File: qr.png Graphic file (type QTm)
<use  "qr.png" >
\makecvtitledetailswidth=\skip78
\makecvtitlepicturewidth=\skip79
LaTeX Font Info:    Font shape `EU1/TimesNewRoman(0)/m/n' will be
(Font)              scaled to size 32.7637pt on input line 92.
Requested font "Times New Roman/ICU:script=latn;language=DFLT;" at 32.7637pt
 -> C:/Windows/Fonts/times.ttf
LaTeX Font Info:    Font shape `EU1/TimesNewRoman(0)/bx/n' will be
(Font)              scaled to size 32.09756pt on input line 92.
Requested font "Times New Roman/B/ICU:script=latn;language=DFLT;" at 32.09756pt
 -> C:/Windows/Fonts/timesbd.ttf
Requested font "Adobe Heiti Std" at 34.0pt
 -> font not found, using "nullfont"


!!!!!!!!!!!!!!!!!!!!!!!!!!!!!!!!!!!!!!!!!!!!!!!!
!
! fontspec error: "font-not-found"
! 
! The font "Adobe Heiti Std" cannot be found.
! 
! See the fontspec documentation for further information.
! 
! For immediate help type H <return>.
!...............................................  
                                                  
l.92 \vspace
            {-3em}      %
? 
Requested font "Adobe Heiti Std" at 34.0pt
 -> font not found, using "nullfont"
.................................................
. fontspec info: "no-scripts"
. 
. Font Adobe Heiti Std does not contain any OpenType `Script' information.
.................................................
Missing character: There is no x in font nullfont!
.................................................
. fontspec info: "set-scale"
. 
. Adobe Heiti Std scale = 0.000000000.
.................................................
.................................................
. fontspec info: "defining-font"
. 
. Font family 'AdobeHeitiStd(0)' created for font 'Adobe Heiti Std' with
. options [Scale=MatchLowercase,BoldFont={Adobe Heiti
. Std},BoldFeatures={RawFeature={embolden=4}},ItalicFont={Adobe Heiti
. Std},ItalicFeatures={RawFeature={slant=0.17}},BoldItalicFont={Adobe Heiti
. Std},BoldItalicFeatures={RawFeature={embolden=4,slant=0.17}}].
. 
. This font family consists of the following shapes:
.................................................
LaTeX Font Info:    Font shape `EU1/AdobeHeitiStd(0)/bx/n' will be
(Font)              scaled to size 0.0pt on input line 92.
! Improper `at' size (0.0pt), replaced by 10pt.
<to be read again> 
                   relax 
l.92 \vspace
            {-3em}      %
? 
Requested font "Adobe Heiti Std:embolden=4;" at 10.0pt
! Font EU1/AdobeHeitiStd(0)/bx/n/34="Adobe Heiti Std:embolden=4;" at 10.0pt not
 loadable: Metric (TFM) file or installed font not found.
<to be read again> 
                   relax 
l.92 \vspace
            {-3em}      %
? 
 -> font not found, using "nullfont"
LaTeX Font Info:    Font shape `EU1/AdobeHeitiStd(0)/bx/n' will be
(Font)              scaled to size 0.0pt on input line 92.
! Improper `at' size (0.0pt), replaced by 10pt.
<to be read again> 
                   
l.92 \vspace
            {-3em}      %
? 
Requested font "Adobe Heiti Std:embolden=4;" at 10.0pt
! Font \xeCJK@rm/bx/n/34="Adobe Heiti Std:embolden=4;" at 10.0pt not loadable: 
Metric (TFM) file or installed font not found.
<to be read again> 
                   
l.92 \vspace
            {-3em}      %